<?xml version="1.0" encoding="UTF-8"?>
<!-- Generated by org.testng.reporters.JUnitXMLReporter -->
<testsuite ignored="0" hostname="LAPTOP-ET80ATGE" failures="1" tests="19" name="Feature Test" time="0.183" errors="0" timestamp="2020-08-19T16:21:32 IST">
  <testcase classname="TestNGPractice.Basics" name="speak" time="0.009"/>
  <testcase classname="TestNGPractice.Basics" name="write" time="0.004"/>
  <testcase classname="TestNGPractice.Basics" name="dance" time="0.002"/>
  <testcase classname="TestNGPractice.Basics" name="print" time="0.002"/>
  <testcase classname="TestNGPractice.ExceptionTimeoutTest" name="numberformat" time="0.002"/>
  <testcase classname="TestNGPractice.InvocationCountTest" name="sum" time="0.003"/>
  <testcase classname="TestNGPractice.InvocationCountTest" name="sum" time="0.003"/>
  <testcase classname="TestNGPractice.InvocationCountTest" name="sum" time="0.003"/>
  <testcase classname="TestNGPractice.InvocationCountTest" name="sum" time="0.002"/>
  <testcase classname="TestNGPractice.InvocationCountTest" name="sum" time="0.002"/>
  <testcase classname="TestNGPractice.InvocationCountTest" name="sum" time="0.003"/>
  <testcase classname="TestNGPractice.InvocationCountTest" name="sum" time="0.002"/>
  <testcase classname="TestNGPractice.InvocationCountTest" name="sum" time="0.002"/>
  <testcase classname="TestNGPractice.InvocationCountTest" name="sum" time="0.003"/>
  <testcase classname="TestNGPractice.InvocationCountTest" name="sum" time="0.002"/>
  <testcase classname="TestNGPractice.TestNGFeatures" name="speak" time="0.002">
    <failure type="java.lang.ArithmeticException" message="/ by zero">
      <![CDATA[java.lang.ArithmeticException: / by zero
at TestNGPractice.TestNGFeatures.speak(TestNGFeatures.java:20)
at java.base/java.util.ArrayList.forEach(ArrayList.java:1511)
... Removed 27 stack frames]]>
    </failure>
  </testcase> <!-- speak -->
  <testcase classname="TestNGPractice.TestNGFeatures" name="write" time="0.002"/>
  <testcase classname="TestNGPractice.TestNGFeatures" name="dance" time="0.0">
    <skipped/>
  </testcase> <!-- dance -->
  <testcase classname="TestNGPractice.TestNGFeatures" name="print" time="0.004"/>
</testsuite> <!-- Feature Test -->
